2024-10-24 05:08:16.001756+00:00 [notice] <0.254.0> Logging: configured log handlers are now ACTIVE
2024-10-24 05:08:16.717054+00:00 [info] <0.254.0> ra: starting system quorum_queues
2024-10-24 05:08:16.717357+00:00 [info] <0.254.0> starting Ra system: quorum_queues in directory: /var/lib/rabbitmq/mnesia/rabbit@b75a0d671979/quorum/rabbit@b75a0d671979
2024-10-24 05:08:20.153567+00:00 [info] <0.268.0> ra system 'quorum_queues' running pre init for 0 registered servers
2024-10-24 05:08:20.474342+00:00 [info] <0.269.0> ra: meta data store initialised for system quorum_queues. 0 record(s) recovered
2024-10-24 05:08:21.674981+00:00 [notice] <0.274.0> WAL: ra_log_wal init, open tbls: ra_log_open_mem_tables, closed tbls: ra_log_closed_mem_tables
2024-10-24 05:08:23.813878+00:00 [info] <0.276.0> ra_system_recover: ra system 'quorum_queues' server recovery strategy rabbit_quorum_queue:system_recover
2024-10-24 05:08:23.815609+00:00 [info] <0.276.0> [rabbit_quorum_queue:system_recover/1] rabbit not booted, skipping queue recovery
2024-10-24 05:08:23.816438+00:00 [info] <0.254.0> ra: starting system coordination
2024-10-24 05:08:23.822590+00:00 [info] <0.254.0> starting Ra system: coordination in directory: /var/lib/rabbitmq/mnesia/rabbit@b75a0d671979/coordination/rabbit@b75a0d671979
2024-10-24 05:08:24.325113+00:00 [info] <0.282.0> ra system 'coordination' running pre init for 0 registered servers
2024-10-24 05:08:24.711592+00:00 [info] <0.283.0> ra: meta data store initialised for system coordination. 0 record(s) recovered
2024-10-24 05:08:24.712331+00:00 [notice] <0.288.0> WAL: ra_coordination_log_wal init, open tbls: ra_coordination_log_open_mem_tables, closed tbls: ra_coordination_log_closed_mem_tables
2024-10-24 05:08:25.557897+00:00 [info] <0.254.0> ra: starting system coordination
2024-10-24 05:08:25.558492+00:00 [info] <0.254.0> starting Ra system: coordination in directory: /var/lib/rabbitmq/mnesia/rabbit@b75a0d671979/coordination/rabbit@b75a0d671979
2024-10-24 05:08:45.691798+00:00 [notice] <0.292.0> RabbitMQ metadata store: candidate -> leader in term: 1 machine version: 1
2024-10-24 05:08:57.351648+00:00 [info] <0.254.0> 
2024-10-24 05:08:57.351648+00:00 [info] <0.254.0>  Starting RabbitMQ 4.0.2 on Erlang 26.2.5.4 [jit]
2024-10-24 05:08:57.351648+00:00 [info] <0.254.0>  Copyright (c) 2007-2024 Broadcom Inc and/or its subsidiaries
2024-10-24 05:08:57.351648+00:00 [info] <0.254.0>  Licensed under the MPL 2.0. Website: https://rabbitmq.com
2024-10-24 05:08:57.366871+00:00 [info] <0.254.0> 
2024-10-24 05:08:57.366871+00:00 [info] <0.254.0>  node           : rabbit@b75a0d671979
2024-10-24 05:08:57.366871+00:00 [info] <0.254.0>  home dir       : /var/lib/rabbitmq
2024-10-24 05:08:57.366871+00:00 [info] <0.254.0>  config file(s) : (none)
2024-10-24 05:08:57.366871+00:00 [info] <0.254.0>  cookie hash    : yYCrOEK73lunofY4hSDtxg==
2024-10-24 05:08:57.366871+00:00 [info] <0.254.0>  log(s)         : /var/log/rabbitmq/rabbit@b75a0d671979.log
2024-10-24 05:08:57.366871+00:00 [info] <0.254.0>                 : <stdout>
2024-10-24 05:08:57.366871+00:00 [info] <0.254.0>  data dir       : /var/lib/rabbitmq/mnesia/rabbit@b75a0d671979
2024-10-24 05:09:00.443890+00:00 [info] <0.254.0> Running boot step pre_boot defined by app rabbit
2024-10-24 05:09:00.444125+00:00 [info] <0.254.0> Running boot step rabbit_global_counters defined by app rabbit
2024-10-24 05:09:00.448760+00:00 [info] <0.254.0> Running boot step rabbit_osiris_metrics defined by app rabbit
2024-10-24 05:09:00.451599+00:00 [info] <0.254.0> Running boot step rabbit_core_metrics defined by app rabbit
2024-10-24 05:09:00.603579+00:00 [info] <0.254.0> Running boot step rabbit_alarm defined by app rabbit
2024-10-24 05:09:01.430977+00:00 [info] <0.323.0> Memory high watermark set to 4703 MiB (4931892019 bytes) of 7839 MiB (8219820032 bytes) total
2024-10-24 05:09:01.805824+00:00 [info] <0.325.0> Enabling free disk space monitoring (disk free space: 23603867648, total memory: 8219820032)
2024-10-24 05:09:01.807404+00:00 [info] <0.325.0> Disk free limit set to 50MB
2024-10-24 05:09:02.117717+00:00 [info] <0.254.0> Running boot step code_server_cache defined by app rabbit
2024-10-24 05:09:02.118236+00:00 [info] <0.254.0> Running boot step file_handle_cache defined by app rabbit
2024-10-24 05:09:02.981778+00:00 [info] <0.328.0> Limiting to approx 1048479 file handles (943629 sockets)
2024-10-24 05:09:02.982755+00:00 [info] <0.329.0> FHC read buffering: OFF
2024-10-24 05:09:02.983074+00:00 [info] <0.329.0> FHC write buffering: ON
2024-10-24 05:09:02.988411+00:00 [info] <0.254.0> Running boot step worker_pool defined by app rabbit
2024-10-24 05:09:02.988919+00:00 [info] <0.310.0> Will use 8 processes for default worker pool
2024-10-24 05:09:02.989072+00:00 [info] <0.310.0> Starting worker pool 'worker_pool' with 8 processes in it
2024-10-24 05:09:03.399495+00:00 [info] <0.254.0> Running boot step database defined by app rabbit
2024-10-24 05:09:03.410817+00:00 [info] <0.254.0> Peer discovery: configured backend: rabbit_peer_discovery_classic_config
2024-10-24 05:09:03.782025+00:00 [notice] <0.311.0> Feature flags: attempt to enable `quorum_queue_non_voters`...
2024-10-24 05:09:04.066456+00:00 [notice] <0.311.0> Feature flags: `quorum_queue_non_voters` enabled
2024-10-24 05:09:04.074688+00:00 [notice] <0.311.0> Feature flags: attempt to enable `rabbitmq_4.0.0`...
2024-10-24 05:09:04.593972+00:00 [notice] <0.311.0> Feature flags: `rabbitmq_4.0.0` enabled
2024-10-24 05:09:04.637932+00:00 [notice] <0.311.0> Feature flags: attempt to enable `message_containers_deaths_v2`...
2024-10-24 05:09:04.942387+00:00 [notice] <0.311.0> Feature flags: `message_containers_deaths_v2` enabled
2024-10-24 05:09:04.947434+00:00 [notice] <0.311.0> Feature flags: attempt to enable `rabbit_exchange_type_local_random`...
2024-10-24 05:09:05.069483+00:00 [notice] <0.311.0> Feature flags: `rabbit_exchange_type_local_random` enabled
2024-10-24 05:09:05.074516+00:00 [info] <0.254.0> DB: virgin node -> run peer discovery
2024-10-24 05:09:05.074722+00:00 [warning] <0.254.0> Classic peer discovery backend: list of nodes does not contain the local node []
2024-10-24 05:09:05.477674+00:00 [notice] <0.44.0> Application mnesia exited with reason: stopped
2024-10-24 05:09:11.407659+00:00 [info] <0.254.0> Waiting for Mnesia tables for 30000 ms, 9 retries left
2024-10-24 05:09:11.408438+00:00 [info] <0.254.0> Successfully synced tables from a peer
2024-10-24 05:09:11.408741+00:00 [info] <0.254.0> Waiting for Mnesia tables for 30000 ms, 9 retries left
2024-10-24 05:09:11.408869+00:00 [info] <0.254.0> Successfully synced tables from a peer
2024-10-24 05:09:11.442000+00:00 [info] <0.254.0> Waiting for Mnesia tables for 30000 ms, 9 retries left
2024-10-24 05:09:11.442343+00:00 [info] <0.254.0> Successfully synced tables from a peer
2024-10-24 05:09:11.445810+00:00 [info] <0.254.0> Running boot step tracking_metadata_store defined by app rabbit
2024-10-24 05:09:11.446945+00:00 [info] <0.520.0> Setting up a table for connection tracking on this node: tracked_connection
2024-10-24 05:09:11.447136+00:00 [info] <0.520.0> Setting up a table for per-vhost connection counting on this node: tracked_connection_per_vhost
2024-10-24 05:09:11.447715+00:00 [info] <0.520.0> Setting up a table for per-user connection counting on this node: tracked_connection_per_user
2024-10-24 05:09:11.448054+00:00 [info] <0.520.0> Setting up a table for channel tracking on this node: tracked_channel
2024-10-24 05:09:11.448566+00:00 [info] <0.520.0> Setting up a table for channel tracking on this node: tracked_channel_per_user
2024-10-24 05:09:11.449378+00:00 [info] <0.254.0> Running boot step networking_metadata_store defined by app rabbit
2024-10-24 05:09:11.449893+00:00 [info] <0.254.0> Running boot step feature_flags defined by app rabbit
2024-10-24 05:09:11.450816+00:00 [info] <0.254.0> Running boot step codec_correctness_check defined by app rabbit
2024-10-24 05:09:11.452551+00:00 [info] <0.254.0> Running boot step external_infrastructure defined by app rabbit
2024-10-24 05:09:11.456293+00:00 [info] <0.254.0> Running boot step rabbit_event defined by app rabbit
2024-10-24 05:09:11.460129+00:00 [info] <0.254.0> Running boot step rabbit_delayed_message defined by app rabbitmq_delayed_message_exchange
2024-10-24 05:09:11.793399+00:00 [info] <0.254.0> Waiting for Mnesia tables for 30000 ms, 0 retries left
2024-10-24 05:09:11.793599+00:00 [info] <0.254.0> Successfully synced tables from a peer
2024-10-24 05:09:11.794066+00:00 [info] <0.254.0> Running boot step rabbit_registry defined by app rabbit
2024-10-24 05:09:11.794442+00:00 [info] <0.254.0> Running boot step rabbit_auth_mechanism_amqplain defined by app rabbit
2024-10-24 05:09:11.795723+00:00 [info] <0.254.0> Running boot step rabbit_auth_mechanism_anonymous defined by app rabbit
2024-10-24 05:09:11.796238+00:00 [info] <0.254.0> Running boot step rabbit_auth_mechanism_cr_demo defined by app rabbit
2024-10-24 05:09:11.796369+00:00 [info] <0.254.0> Running boot step rabbit_auth_mechanism_plain defined by app rabbit
2024-10-24 05:09:11.796480+00:00 [info] <0.254.0> Running boot step rabbit_exchange_type_direct defined by app rabbit
2024-10-24 05:09:11.796568+00:00 [info] <0.254.0> Running boot step rabbit_exchange_type_fanout defined by app rabbit
2024-10-24 05:09:11.796632+00:00 [info] <0.254.0> Running boot step rabbit_exchange_type_headers defined by app rabbit
2024-10-24 05:09:11.796721+00:00 [info] <0.254.0> Running boot step rabbit_exchange_type_local_random defined by app rabbit
2024-10-24 05:09:11.796800+00:00 [info] <0.254.0> Running boot step rabbit_exchange_type_topic defined by app rabbit
2024-10-24 05:09:11.796894+00:00 [info] <0.254.0> Running boot step rabbit_priority_queue defined by app rabbit
2024-10-24 05:09:11.796966+00:00 [info] <0.254.0> Priority queues enabled, real BQ is rabbit_variable_queue
2024-10-24 05:09:11.797113+00:00 [info] <0.254.0> Running boot step kernel_ready defined by app rabbit
2024-10-24 05:09:11.797148+00:00 [info] <0.254.0> Running boot step pg_local_amqp_connection defined by app rabbit
2024-10-24 05:09:11.872530+00:00 [info] <0.254.0> Running boot step pg_local_amqp_session defined by app rabbit
2024-10-24 05:09:11.872916+00:00 [info] <0.254.0> Running boot step rabbit_sysmon_minder defined by app rabbit
2024-10-24 05:09:11.873260+00:00 [info] <0.254.0> Running boot step rabbit_epmd_monitor defined by app rabbit
2024-10-24 05:09:11.893701+00:00 [info] <0.543.0> epmd monitor knows us, inter-node communication (distribution) port: 25672
2024-10-24 05:09:11.894308+00:00 [info] <0.254.0> Running boot step guid_generator defined by app rabbit
2024-10-24 05:09:11.900952+00:00 [info] <0.254.0> Running boot step rabbit_node_monitor defined by app rabbit
2024-10-24 05:09:11.901962+00:00 [info] <0.547.0> Starting rabbit_node_monitor (in ignore mode)
2024-10-24 05:09:11.902297+00:00 [info] <0.254.0> Running boot step delegate_sup defined by app rabbit
2024-10-24 05:09:11.905464+00:00 [info] <0.254.0> Running boot step rabbit_fifo_dlx_sup defined by app rabbit
2024-10-24 05:09:11.905729+00:00 [info] <0.254.0> Running boot step core_initialized defined by app rabbit
2024-10-24 05:09:11.905805+00:00 [info] <0.254.0> Running boot step rabbit_channel_tracking_handler defined by app rabbit
2024-10-24 05:09:11.905952+00:00 [info] <0.254.0> Running boot step rabbit_classic_queue defined by app rabbit
2024-10-24 05:09:11.906266+00:00 [info] <0.254.0> Running boot step rabbit_connection_tracking_handler defined by app rabbit
2024-10-24 05:09:11.907089+00:00 [info] <0.254.0> Running boot step rabbit_definitions_hashing defined by app rabbit
2024-10-24 05:09:11.907372+00:00 [info] <0.254.0> Running boot step rabbit_exchange_parameters defined by app rabbit
2024-10-24 05:09:15.067467+00:00 [info] <0.254.0> Running boot step rabbit_policies defined by app rabbit
2024-10-24 05:09:15.068496+00:00 [info] <0.254.0> Running boot step rabbit_policy defined by app rabbit
2024-10-24 05:09:15.068609+00:00 [info] <0.254.0> Running boot step rabbit_quorum_memory_manager defined by app rabbit
2024-10-24 05:09:15.068829+00:00 [info] <0.254.0> Running boot step rabbit_quorum_queue defined by app rabbit
2024-10-24 05:09:15.073269+00:00 [info] <0.254.0> Running boot step rabbit_stream_coordinator defined by app rabbit
2024-10-24 05:09:15.075085+00:00 [info] <0.254.0> Running boot step rabbit_vhost_limit defined by app rabbit
2024-10-24 05:09:15.075305+00:00 [info] <0.254.0> Running boot step rabbit_delayed_message_supervisor defined by app rabbitmq_delayed_message_exchange
2024-10-24 05:09:15.076029+00:00 [info] <0.254.0> Running boot step rabbit_exchange_type_delayed_message defined by app rabbitmq_delayed_message_exchange
2024-10-24 05:09:15.076237+00:00 [info] <0.254.0> Running boot step recovery defined by app rabbit
2024-10-24 05:09:15.257658+00:00 [info] <0.254.0> Running boot step empty_db_check defined by app rabbit
2024-10-24 05:09:15.257863+00:00 [info] <0.254.0> Will seed default virtual host and user...
2024-10-24 05:09:15.260844+00:00 [info] <0.254.0> Adding vhost '/' (description: 'Default virtual host', tags: [])
2024-10-24 05:09:15.610556+00:00 [info] <0.588.0> Making sure data directory '/var/lib/rabbitmq/mnesia/rabbit@b75a0d671979/msg_stores/vhosts/628WB79CIFDYO9LJI6DKMI09L' for vhost '/' exists
2024-10-24 05:09:15.787087+00:00 [info] <0.588.0> Setting segment_entry_count for vhost '/' with 0 queues to '2048'
2024-10-24 05:09:16.131527+00:00 [info] <0.588.0> Starting message stores for vhost '/'
2024-10-24 05:09:16.284635+00:00 [info] <0.588.0> Started message store of type transient for vhost '/'
2024-10-24 05:09:16.306081+00:00 [warning] <0.602.0> Message store "628WB79CIFDYO9LJI6DKMI09L/msg_store_persistent": rebuilding indices from scratch
2024-10-24 05:09:16.348049+00:00 [info] <0.588.0> Started message store of type persistent for vhost '/'
2024-10-24 05:09:16.350728+00:00 [info] <0.588.0> Recovering 0 queues of type rabbit_classic_queue took 457ms
2024-10-24 05:09:16.351038+00:00 [info] <0.588.0> Recovering 0 queues of type rabbit_quorum_queue took 0ms
2024-10-24 05:09:16.351357+00:00 [info] <0.588.0> Recovering 0 queues of type rabbit_stream_queue took 0ms
2024-10-24 05:09:16.361022+00:00 [info] <0.254.0> Created user 'guest'
2024-10-24 05:09:16.368325+00:00 [info] <0.254.0> Successfully set user tags for user 'guest' to [administrator]
2024-10-24 05:09:16.395890+00:00 [info] <0.254.0> Successfully set permissions for user 'guest' in virtual host '/' to '.*', '.*', '.*'
2024-10-24 05:09:16.396106+00:00 [info] <0.254.0> Running boot step rabbit_observer_cli defined by app rabbit
2024-10-24 05:09:16.396456+00:00 [info] <0.254.0> Running boot step rabbit_core_metrics_gc defined by app rabbit
2024-10-24 05:09:16.396907+00:00 [info] <0.254.0> Running boot step background_gc defined by app rabbit
2024-10-24 05:09:16.423863+00:00 [info] <0.254.0> Running boot step routing_ready defined by app rabbit
2024-10-24 05:09:16.424047+00:00 [info] <0.254.0> Running boot step pre_flight defined by app rabbit
2024-10-24 05:09:16.424138+00:00 [info] <0.254.0> Running boot step notify_cluster defined by app rabbit
2024-10-24 05:09:16.424260+00:00 [info] <0.254.0> Running boot step networking defined by app rabbit
2024-10-24 05:09:16.424713+00:00 [info] <0.254.0> Running boot step rabbit_quorum_queue_periodic_membership_reconciliation defined by app rabbit
2024-10-24 05:09:16.428001+00:00 [info] <0.254.0> Running boot step definition_import_worker_pool defined by app rabbit
2024-10-24 05:09:16.428535+00:00 [info] <0.310.0> Starting worker pool 'definition_import_pool' with 8 processes in it
2024-10-24 05:09:16.429694+00:00 [info] <0.254.0> Running boot step cluster_name defined by app rabbit
2024-10-24 05:09:16.430056+00:00 [info] <0.254.0> Initialising internal cluster ID to 'rabbitmq-cluster-id-1R9GRUvpU2GX24EGXu1tQw'
2024-10-24 05:09:16.452227+00:00 [info] <0.254.0> Running boot step virtual_host_reconciliation defined by app rabbit
2024-10-24 05:09:16.453419+00:00 [info] <0.254.0> Running boot step direct_client defined by app rabbit
2024-10-24 05:09:16.454165+00:00 [info] <0.642.0> Resetting node maintenance status
2024-10-24 05:09:16.494502+00:00 [info] <0.642.0> Ready to start client connection listeners
2024-10-24 05:09:17.367137+00:00 [info] <0.664.0> started TCP listener on [::]:5672
2024-10-24 05:09:18.571882+00:00 [info] <0.642.0> Server startup complete; 1 plugins started.
2024-10-24 05:09:18.571882+00:00 [info] <0.642.0>  * rabbitmq_delayed_message_exchange
2024-10-24 05:09:18.596106+00:00 [info] <0.9.0> Time to start RabbitMQ: 122436 ms
2024-10-24 05:14:33.268117+00:00 [notice] <0.64.0> SIGTERM received - shutting down
2024-10-24 05:14:33.268117+00:00 [notice] <0.64.0> 
2024-10-24 05:14:34.326278+00:00 [info] <0.664.0> stopped TCP listener on [::]:5672
2024-10-24 05:14:34.926463+00:00 [info] <0.588.0> Virtual host '/' is stopping
2024-10-24 05:14:34.988457+00:00 [info] <0.602.0> Stopping message store for directory '/var/lib/rabbitmq/mnesia/rabbit@b75a0d671979/msg_stores/vhosts/628WB79CIFDYO9LJI6DKMI09L/msg_store_persistent'
2024-10-24 05:14:34.981181+00:00 [info] <0.706.0> Closing all connections in vhost '/' on node 'rabbit@b75a0d671979' because the vhost is stopping
2024-10-24 05:14:36.035471+00:00 [info] <0.602.0> Message store for directory '/var/lib/rabbitmq/mnesia/rabbit@b75a0d671979/msg_stores/vhosts/628WB79CIFDYO9LJI6DKMI09L/msg_store_persistent' is stopped
2024-10-24 05:14:36.041639+00:00 [info] <0.598.0> Stopping message store for directory '/var/lib/rabbitmq/mnesia/rabbit@b75a0d671979/msg_stores/vhosts/628WB79CIFDYO9LJI6DKMI09L/msg_store_transient'
2024-10-24 05:14:43.541373+00:00 [info] <0.598.0> Message store for directory '/var/lib/rabbitmq/mnesia/rabbit@b75a0d671979/msg_stores/vhosts/628WB79CIFDYO9LJI6DKMI09L/msg_store_transient' is stopped
2024-10-24 06:41:24.625676+00:00 [notice] <0.254.0> Logging: configured log handlers are now ACTIVE
2024-10-24 06:41:24.641181+00:00 [info] <0.254.0> ra: starting system quorum_queues
2024-10-24 06:41:24.641266+00:00 [info] <0.254.0> starting Ra system: quorum_queues in directory: /var/lib/rabbitmq/mnesia/rabbit@b75a0d671979/quorum/rabbit@b75a0d671979
2024-10-24 06:41:24.675790+00:00 [info] <0.268.0> ra system 'quorum_queues' running pre init for 0 registered servers
2024-10-24 06:41:24.684887+00:00 [info] <0.269.0> ra: meta data store initialised for system quorum_queues. 0 record(s) recovered
2024-10-24 06:41:24.690965+00:00 [notice] <0.274.0> WAL: ra_log_wal init, open tbls: ra_log_open_mem_tables, closed tbls: ra_log_closed_mem_tables
2024-10-24 06:41:24.697049+00:00 [info] <0.276.0> ra_system_recover: ra system 'quorum_queues' server recovery strategy rabbit_quorum_queue:system_recover
2024-10-24 06:41:24.697133+00:00 [info] <0.276.0> [rabbit_quorum_queue:system_recover/1] rabbit not booted, skipping queue recovery
2024-10-24 06:41:24.697236+00:00 [info] <0.254.0> ra: starting system coordination
2024-10-24 06:41:24.697261+00:00 [info] <0.254.0> starting Ra system: coordination in directory: /var/lib/rabbitmq/mnesia/rabbit@b75a0d671979/coordination/rabbit@b75a0d671979
2024-10-24 06:41:24.698789+00:00 [info] <0.282.0> ra system 'coordination' running pre init for 1 registered servers
2024-10-24 06:41:24.708517+00:00 [info] <0.283.0> ra: meta data store initialised for system coordination. 1 record(s) recovered
2024-10-24 06:41:24.708709+00:00 [notice] <0.288.0> WAL: ra_coordination_log_wal init, open tbls: ra_coordination_log_open_mem_tables, closed tbls: ra_coordination_log_closed_mem_tables
2024-10-24 06:41:24.711744+00:00 [info] <0.254.0> ra: starting system coordination
2024-10-24 06:41:24.711805+00:00 [info] <0.254.0> starting Ra system: coordination in directory: /var/lib/rabbitmq/mnesia/rabbit@b75a0d671979/coordination/rabbit@b75a0d671979
2024-10-24 06:41:25.317136+00:00 [notice] <0.293.0> RabbitMQ metadata store: candidate -> leader in term: 2 machine version: 1
2024-10-24 06:41:25.444618+00:00 [info] <0.254.0> 
2024-10-24 06:41:25.444618+00:00 [info] <0.254.0>  Starting RabbitMQ 4.0.2 on Erlang 26.2.5.4 [jit]
2024-10-24 06:41:25.444618+00:00 [info] <0.254.0>  Copyright (c) 2007-2024 Broadcom Inc and/or its subsidiaries
2024-10-24 06:41:25.444618+00:00 [info] <0.254.0>  Licensed under the MPL 2.0. Website: https://rabbitmq.com
2024-10-24 06:41:25.445788+00:00 [info] <0.254.0> 
2024-10-24 06:41:25.445788+00:00 [info] <0.254.0>  node           : rabbit@b75a0d671979
2024-10-24 06:41:25.445788+00:00 [info] <0.254.0>  home dir       : /var/lib/rabbitmq
2024-10-24 06:41:25.445788+00:00 [info] <0.254.0>  config file(s) : (none)
2024-10-24 06:41:25.445788+00:00 [info] <0.254.0>  cookie hash    : yYCrOEK73lunofY4hSDtxg==
2024-10-24 06:41:25.445788+00:00 [info] <0.254.0>  log(s)         : /var/log/rabbitmq/rabbit@b75a0d671979.log
2024-10-24 06:41:25.445788+00:00 [info] <0.254.0>                 : <stdout>
2024-10-24 06:41:25.445788+00:00 [info] <0.254.0>  data dir       : /var/lib/rabbitmq/mnesia/rabbit@b75a0d671979
2024-10-24 06:41:25.530684+00:00 [info] <0.254.0> Running boot step pre_boot defined by app rabbit
2024-10-24 06:41:25.530744+00:00 [info] <0.254.0> Running boot step rabbit_global_counters defined by app rabbit
2024-10-24 06:41:25.530981+00:00 [info] <0.254.0> Running boot step rabbit_osiris_metrics defined by app rabbit
2024-10-24 06:41:25.531050+00:00 [info] <0.254.0> Running boot step rabbit_core_metrics defined by app rabbit
2024-10-24 06:41:25.532701+00:00 [info] <0.254.0> Running boot step rabbit_alarm defined by app rabbit
2024-10-24 06:41:25.538204+00:00 [info] <0.405.0> Memory high watermark set to 4703 MiB (4931892019 bytes) of 7839 MiB (8219820032 bytes) total
2024-10-24 06:41:25.540036+00:00 [info] <0.407.0> Enabling free disk space monitoring (disk free space: 26462453760, total memory: 8219820032)
2024-10-24 06:41:25.540084+00:00 [info] <0.407.0> Disk free limit set to 50MB
2024-10-24 06:41:25.541939+00:00 [info] <0.254.0> Running boot step code_server_cache defined by app rabbit
2024-10-24 06:41:25.542097+00:00 [info] <0.254.0> Running boot step file_handle_cache defined by app rabbit
2024-10-24 06:41:25.544796+00:00 [info] <0.410.0> Limiting to approx 1048479 file handles (943629 sockets)
2024-10-24 06:41:25.544938+00:00 [info] <0.411.0> FHC read buffering: OFF
2024-10-24 06:41:25.545002+00:00 [info] <0.411.0> FHC write buffering: ON
2024-10-24 06:41:25.545332+00:00 [info] <0.254.0> Running boot step worker_pool defined by app rabbit
2024-10-24 06:41:25.545363+00:00 [info] <0.331.0> Will use 8 processes for default worker pool
2024-10-24 06:41:25.545381+00:00 [info] <0.331.0> Starting worker pool 'worker_pool' with 8 processes in it
2024-10-24 06:41:25.550694+00:00 [info] <0.254.0> Running boot step database defined by app rabbit
2024-10-24 06:41:25.551403+00:00 [info] <0.254.0> Peer discovery: configured backend: rabbit_peer_discovery_classic_config
2024-10-24 06:41:25.553660+00:00 [info] <0.254.0> Waiting for Mnesia tables for 30000 ms, 9 retries left
2024-10-24 06:41:25.554042+00:00 [info] <0.254.0> Successfully synced tables from a peer
2024-10-24 06:41:25.556562+00:00 [info] <0.254.0> Waiting for Mnesia tables for 30000 ms, 9 retries left
2024-10-24 06:41:25.556703+00:00 [info] <0.254.0> Successfully synced tables from a peer
2024-10-24 06:41:25.556901+00:00 [info] <0.254.0> Running boot step tracking_metadata_store defined by app rabbit
2024-10-24 06:41:25.557021+00:00 [info] <0.429.0> Setting up a table for connection tracking on this node: tracked_connection
2024-10-24 06:41:25.557069+00:00 [info] <0.429.0> Setting up a table for per-vhost connection counting on this node: tracked_connection_per_vhost
2024-10-24 06:41:25.557164+00:00 [info] <0.429.0> Setting up a table for per-user connection counting on this node: tracked_connection_per_user
2024-10-24 06:41:25.557215+00:00 [info] <0.429.0> Setting up a table for channel tracking on this node: tracked_channel
2024-10-24 06:41:25.557265+00:00 [info] <0.429.0> Setting up a table for channel tracking on this node: tracked_channel_per_user
2024-10-24 06:41:25.557341+00:00 [info] <0.254.0> Running boot step networking_metadata_store defined by app rabbit
2024-10-24 06:41:25.557433+00:00 [info] <0.254.0> Running boot step feature_flags defined by app rabbit
2024-10-24 06:41:25.557570+00:00 [info] <0.254.0> Running boot step codec_correctness_check defined by app rabbit
2024-10-24 06:41:25.557595+00:00 [info] <0.254.0> Running boot step external_infrastructure defined by app rabbit
2024-10-24 06:41:25.557714+00:00 [info] <0.254.0> Running boot step rabbit_event defined by app rabbit
2024-10-24 06:41:25.558120+00:00 [info] <0.254.0> Running boot step rabbit_delayed_message defined by app rabbitmq_delayed_message_exchange
2024-10-24 06:41:25.558407+00:00 [info] <0.254.0> Waiting for Mnesia tables for 30000 ms, 0 retries left
2024-10-24 06:41:25.558482+00:00 [info] <0.254.0> Successfully synced tables from a peer
2024-10-24 06:41:25.558498+00:00 [info] <0.254.0> Running boot step rabbit_registry defined by app rabbit
2024-10-24 06:41:25.558648+00:00 [info] <0.254.0> Running boot step rabbit_auth_mechanism_amqplain defined by app rabbit
2024-10-24 06:41:25.558757+00:00 [info] <0.254.0> Running boot step rabbit_auth_mechanism_anonymous defined by app rabbit
2024-10-24 06:41:25.558820+00:00 [info] <0.254.0> Running boot step rabbit_auth_mechanism_cr_demo defined by app rabbit
2024-10-24 06:41:25.558903+00:00 [info] <0.254.0> Running boot step rabbit_auth_mechanism_plain defined by app rabbit
2024-10-24 06:41:25.558970+00:00 [info] <0.254.0> Running boot step rabbit_exchange_type_direct defined by app rabbit
2024-10-24 06:41:25.559060+00:00 [info] <0.254.0> Running boot step rabbit_exchange_type_fanout defined by app rabbit
2024-10-24 06:41:25.559106+00:00 [info] <0.254.0> Running boot step rabbit_exchange_type_headers defined by app rabbit
2024-10-24 06:41:25.559137+00:00 [info] <0.254.0> Running boot step rabbit_exchange_type_local_random defined by app rabbit
2024-10-24 06:41:25.559266+00:00 [info] <0.254.0> Running boot step rabbit_exchange_type_topic defined by app rabbit
2024-10-24 06:41:25.559295+00:00 [info] <0.254.0> Running boot step rabbit_priority_queue defined by app rabbit
2024-10-24 06:41:25.559314+00:00 [info] <0.254.0> Priority queues enabled, real BQ is rabbit_variable_queue
2024-10-24 06:41:25.559345+00:00 [info] <0.254.0> Running boot step kernel_ready defined by app rabbit
2024-10-24 06:41:25.559357+00:00 [info] <0.254.0> Running boot step pg_local_amqp_connection defined by app rabbit
2024-10-24 06:41:25.562547+00:00 [info] <0.254.0> Running boot step pg_local_amqp_session defined by app rabbit
2024-10-24 06:41:25.562768+00:00 [info] <0.254.0> Running boot step rabbit_sysmon_minder defined by app rabbit
2024-10-24 06:41:25.562920+00:00 [info] <0.254.0> Running boot step rabbit_epmd_monitor defined by app rabbit
2024-10-24 06:41:25.567733+00:00 [info] <0.442.0> epmd monitor knows us, inter-node communication (distribution) port: 25672
2024-10-24 06:41:25.568009+00:00 [info] <0.254.0> Running boot step guid_generator defined by app rabbit
2024-10-24 06:41:25.571792+00:00 [info] <0.254.0> Running boot step rabbit_node_monitor defined by app rabbit
2024-10-24 06:41:25.572093+00:00 [info] <0.446.0> Starting rabbit_node_monitor (in ignore mode)
2024-10-24 06:41:25.572214+00:00 [info] <0.254.0> Running boot step delegate_sup defined by app rabbit
2024-10-24 06:41:25.573102+00:00 [info] <0.254.0> Running boot step rabbit_fifo_dlx_sup defined by app rabbit
2024-10-24 06:41:25.573277+00:00 [info] <0.254.0> Running boot step core_initialized defined by app rabbit
2024-10-24 06:41:25.573305+00:00 [info] <0.254.0> Running boot step rabbit_channel_tracking_handler defined by app rabbit
2024-10-24 06:41:25.573358+00:00 [info] <0.254.0> Running boot step rabbit_classic_queue defined by app rabbit
2024-10-24 06:41:25.573538+00:00 [info] <0.254.0> Running boot step rabbit_connection_tracking_handler defined by app rabbit
2024-10-24 06:41:25.573566+00:00 [info] <0.254.0> Running boot step rabbit_definitions_hashing defined by app rabbit
2024-10-24 06:41:25.573599+00:00 [info] <0.254.0> Running boot step rabbit_exchange_parameters defined by app rabbit
2024-10-24 06:41:25.583934+00:00 [info] <0.254.0> Running boot step rabbit_policies defined by app rabbit
2024-10-24 06:41:25.584172+00:00 [info] <0.254.0> Running boot step rabbit_policy defined by app rabbit
2024-10-24 06:41:25.584215+00:00 [info] <0.254.0> Running boot step rabbit_quorum_memory_manager defined by app rabbit
2024-10-24 06:41:25.584243+00:00 [info] <0.254.0> Running boot step rabbit_quorum_queue defined by app rabbit
2024-10-24 06:41:25.584278+00:00 [info] <0.254.0> Running boot step rabbit_stream_coordinator defined by app rabbit
2024-10-24 06:41:25.584395+00:00 [info] <0.254.0> Running boot step rabbit_vhost_limit defined by app rabbit
2024-10-24 06:41:25.584739+00:00 [info] <0.254.0> Running boot step rabbit_delayed_message_supervisor defined by app rabbitmq_delayed_message_exchange
2024-10-24 06:41:25.585040+00:00 [info] <0.254.0> Running boot step rabbit_exchange_type_delayed_message defined by app rabbitmq_delayed_message_exchange
2024-10-24 06:41:25.585131+00:00 [info] <0.254.0> Running boot step recovery defined by app rabbit
2024-10-24 06:41:25.600228+00:00 [info] <0.476.0> Making sure data directory '/var/lib/rabbitmq/mnesia/rabbit@b75a0d671979/msg_stores/vhosts/628WB79CIFDYO9LJI6DKMI09L' for vhost '/' exists
2024-10-24 06:41:25.613184+00:00 [info] <0.476.0> Starting message stores for vhost '/'
2024-10-24 06:41:25.622508+00:00 [info] <0.476.0> Started message store of type transient for vhost '/'
2024-10-24 06:41:25.628677+00:00 [info] <0.476.0> Started message store of type persistent for vhost '/'
2024-10-24 06:41:25.628836+00:00 [info] <0.476.0> Recovering 0 queues of type rabbit_classic_queue took 26ms
2024-10-24 06:41:25.628869+00:00 [info] <0.476.0> Recovering 0 queues of type rabbit_quorum_queue took 0ms
2024-10-24 06:41:25.628894+00:00 [info] <0.476.0> Recovering 0 queues of type rabbit_stream_queue took 0ms
2024-10-24 06:41:25.629955+00:00 [info] <0.254.0> Running boot step empty_db_check defined by app rabbit
2024-10-24 06:41:25.629988+00:00 [info] <0.254.0> Will not seed default virtual host and user: have definitions to load...
2024-10-24 06:41:25.630012+00:00 [info] <0.254.0> Running boot step rabbit_observer_cli defined by app rabbit
2024-10-24 06:41:25.630050+00:00 [info] <0.254.0> Running boot step rabbit_core_metrics_gc defined by app rabbit
2024-10-24 06:41:25.630145+00:00 [info] <0.254.0> Running boot step background_gc defined by app rabbit
2024-10-24 06:41:25.630252+00:00 [info] <0.254.0> Running boot step routing_ready defined by app rabbit
2024-10-24 06:41:25.630288+00:00 [info] <0.254.0> Running boot step pre_flight defined by app rabbit
2024-10-24 06:41:25.630333+00:00 [info] <0.254.0> Running boot step notify_cluster defined by app rabbit
2024-10-24 06:41:25.630367+00:00 [info] <0.254.0> Running boot step networking defined by app rabbit
2024-10-24 06:41:25.630463+00:00 [info] <0.254.0> Running boot step rabbit_quorum_queue_periodic_membership_reconciliation defined by app rabbit
2024-10-24 06:41:25.630530+00:00 [info] <0.254.0> Running boot step definition_import_worker_pool defined by app rabbit
2024-10-24 06:41:25.630554+00:00 [info] <0.331.0> Starting worker pool 'definition_import_pool' with 8 processes in it
2024-10-24 06:41:25.630757+00:00 [info] <0.254.0> Running boot step cluster_name defined by app rabbit
2024-10-24 06:41:25.630785+00:00 [info] <0.254.0> Running boot step virtual_host_reconciliation defined by app rabbit
2024-10-24 06:41:25.630878+00:00 [info] <0.254.0> Running boot step direct_client defined by app rabbit
2024-10-24 06:41:25.630992+00:00 [info] <0.531.0> Resetting node maintenance status
2024-10-24 06:41:25.638060+00:00 [info] <0.531.0> Ready to start client connection listeners
2024-10-24 06:41:25.669152+00:00 [info] <0.553.0> started TCP listener on [::]:5672
2024-10-24 06:41:25.831685+00:00 [info] <0.531.0> Server startup complete; 1 plugins started.
2024-10-24 06:41:25.831685+00:00 [info] <0.531.0>  * rabbitmq_delayed_message_exchange
2024-10-24 06:41:26.033229+00:00 [info] <0.9.0> Time to start RabbitMQ: 6037 ms
2024-10-24 06:44:39.172796+00:00 [notice] <0.64.0> SIGTERM received - shutting down
2024-10-24 06:44:39.172796+00:00 [notice] <0.64.0> 
2024-10-24 06:44:39.180855+00:00 [info] <0.553.0> stopped TCP listener on [::]:5672
2024-10-24 06:44:39.182850+00:00 [info] <0.476.0> Virtual host '/' is stopping
2024-10-24 06:44:39.183020+00:00 [info] <0.569.0> Closing all connections in vhost '/' on node 'rabbit@b75a0d671979' because the vhost is stopping
2024-10-24 06:44:39.183172+00:00 [info] <0.490.0> Stopping message store for directory '/var/lib/rabbitmq/mnesia/rabbit@b75a0d671979/msg_stores/vhosts/628WB79CIFDYO9LJI6DKMI09L/msg_store_persistent'
2024-10-24 06:44:39.186336+00:00 [info] <0.490.0> Message store for directory '/var/lib/rabbitmq/mnesia/rabbit@b75a0d671979/msg_stores/vhosts/628WB79CIFDYO9LJI6DKMI09L/msg_store_persistent' is stopped
2024-10-24 06:44:39.186437+00:00 [info] <0.486.0> Stopping message store for directory '/var/lib/rabbitmq/mnesia/rabbit@b75a0d671979/msg_stores/vhosts/628WB79CIFDYO9LJI6DKMI09L/msg_store_transient'
2024-10-24 06:44:39.189692+00:00 [info] <0.486.0> Message store for directory '/var/lib/rabbitmq/mnesia/rabbit@b75a0d671979/msg_stores/vhosts/628WB79CIFDYO9LJI6DKMI09L/msg_store_transient' is stopped
2024-10-24 06:44:39.232818+00:00 [notice] <0.86.0>     alarm_handler: {clear,{disk_almost_full,"/etc/rabbitmq"}}
2024-10-24 06:45:19.531056+00:00 [notice] <0.254.0> Logging: configured log handlers are now ACTIVE
2024-10-24 06:45:19.534830+00:00 [info] <0.254.0> ra: starting system quorum_queues
2024-10-24 06:45:19.534916+00:00 [info] <0.254.0> starting Ra system: quorum_queues in directory: /var/lib/rabbitmq/mnesia/rabbit@b75a0d671979/quorum/rabbit@b75a0d671979
2024-10-24 06:45:19.583485+00:00 [info] <0.268.0> ra system 'quorum_queues' running pre init for 0 registered servers
2024-10-24 06:45:19.595174+00:00 [info] <0.269.0> ra: meta data store initialised for system quorum_queues. 0 record(s) recovered
2024-10-24 06:45:19.609504+00:00 [notice] <0.274.0> WAL: ra_log_wal init, open tbls: ra_log_open_mem_tables, closed tbls: ra_log_closed_mem_tables
2024-10-24 06:45:19.622979+00:00 [info] <0.276.0> ra_system_recover: ra system 'quorum_queues' server recovery strategy rabbit_quorum_queue:system_recover
2024-10-24 06:45:19.623060+00:00 [info] <0.276.0> [rabbit_quorum_queue:system_recover/1] rabbit not booted, skipping queue recovery
2024-10-24 06:45:19.623147+00:00 [info] <0.254.0> ra: starting system coordination
2024-10-24 06:45:19.623164+00:00 [info] <0.254.0> starting Ra system: coordination in directory: /var/lib/rabbitmq/mnesia/rabbit@b75a0d671979/coordination/rabbit@b75a0d671979
2024-10-24 06:45:19.624043+00:00 [info] <0.282.0> ra system 'coordination' running pre init for 1 registered servers
2024-10-24 06:45:19.636339+00:00 [info] <0.283.0> ra: meta data store initialised for system coordination. 1 record(s) recovered
2024-10-24 06:45:19.636723+00:00 [notice] <0.288.0> WAL: ra_coordination_log_wal init, open tbls: ra_coordination_log_open_mem_tables, closed tbls: ra_coordination_log_closed_mem_tables
2024-10-24 06:45:19.646028+00:00 [info] <0.254.0> ra: starting system coordination
2024-10-24 06:45:19.646198+00:00 [info] <0.254.0> starting Ra system: coordination in directory: /var/lib/rabbitmq/mnesia/rabbit@b75a0d671979/coordination/rabbit@b75a0d671979
2024-10-24 06:45:20.177529+00:00 [notice] <0.293.0> RabbitMQ metadata store: candidate -> leader in term: 3 machine version: 1
2024-10-24 06:45:20.452466+00:00 [info] <0.254.0> 
2024-10-24 06:45:20.452466+00:00 [info] <0.254.0>  Starting RabbitMQ 4.0.2 on Erlang 26.2.5.4 [jit]
2024-10-24 06:45:20.452466+00:00 [info] <0.254.0>  Copyright (c) 2007-2024 Broadcom Inc and/or its subsidiaries
2024-10-24 06:45:20.452466+00:00 [info] <0.254.0>  Licensed under the MPL 2.0. Website: https://rabbitmq.com
2024-10-24 06:45:20.455247+00:00 [info] <0.254.0> 
2024-10-24 06:45:20.455247+00:00 [info] <0.254.0>  node           : rabbit@b75a0d671979
2024-10-24 06:45:20.455247+00:00 [info] <0.254.0>  home dir       : /var/lib/rabbitmq
2024-10-24 06:45:20.455247+00:00 [info] <0.254.0>  config file(s) : (none)
2024-10-24 06:45:20.455247+00:00 [info] <0.254.0>  cookie hash    : yYCrOEK73lunofY4hSDtxg==
2024-10-24 06:45:20.455247+00:00 [info] <0.254.0>  log(s)         : /var/log/rabbitmq/rabbit@b75a0d671979.log
2024-10-24 06:45:20.455247+00:00 [info] <0.254.0>                 : <stdout>
2024-10-24 06:45:20.455247+00:00 [info] <0.254.0>  data dir       : /var/lib/rabbitmq/mnesia/rabbit@b75a0d671979
2024-10-24 06:45:20.630500+00:00 [info] <0.254.0> Running boot step pre_boot defined by app rabbit
2024-10-24 06:45:20.630597+00:00 [info] <0.254.0> Running boot step rabbit_global_counters defined by app rabbit
2024-10-24 06:45:20.630845+00:00 [info] <0.254.0> Running boot step rabbit_osiris_metrics defined by app rabbit
2024-10-24 06:45:20.630923+00:00 [info] <0.254.0> Running boot step rabbit_core_metrics defined by app rabbit
2024-10-24 06:45:20.631566+00:00 [info] <0.254.0> Running boot step rabbit_alarm defined by app rabbit
2024-10-24 06:45:20.641509+00:00 [info] <0.385.0> Memory high watermark set to 4703 MiB (4931892019 bytes) of 7839 MiB (8219820032 bytes) total
2024-10-24 06:45:20.647780+00:00 [info] <0.387.0> Enabling free disk space monitoring (disk free space: 26456719360, total memory: 8219820032)
2024-10-24 06:45:20.647912+00:00 [info] <0.387.0> Disk free limit set to 50MB
2024-10-24 06:45:20.652227+00:00 [info] <0.254.0> Running boot step code_server_cache defined by app rabbit
2024-10-24 06:45:20.652486+00:00 [info] <0.254.0> Running boot step file_handle_cache defined by app rabbit
2024-10-24 06:45:20.657290+00:00 [info] <0.390.0> Limiting to approx 1048479 file handles (943629 sockets)
2024-10-24 06:45:20.657470+00:00 [info] <0.391.0> FHC read buffering: OFF
2024-10-24 06:45:20.657490+00:00 [info] <0.391.0> FHC write buffering: ON
2024-10-24 06:45:20.657754+00:00 [info] <0.254.0> Running boot step worker_pool defined by app rabbit
2024-10-24 06:45:20.657782+00:00 [info] <0.331.0> Will use 8 processes for default worker pool
2024-10-24 06:45:20.657801+00:00 [info] <0.331.0> Starting worker pool 'worker_pool' with 8 processes in it
2024-10-24 06:45:20.663091+00:00 [info] <0.254.0> Running boot step database defined by app rabbit
2024-10-24 06:45:20.665189+00:00 [info] <0.254.0> Peer discovery: configured backend: rabbit_peer_discovery_classic_config
2024-10-24 06:45:20.673372+00:00 [info] <0.254.0> Waiting for Mnesia tables for 30000 ms, 9 retries left
2024-10-24 06:45:20.678127+00:00 [info] <0.254.0> Successfully synced tables from a peer
2024-10-24 06:45:20.695917+00:00 [info] <0.254.0> Waiting for Mnesia tables for 30000 ms, 9 retries left
2024-10-24 06:45:20.696060+00:00 [info] <0.254.0> Successfully synced tables from a peer
2024-10-24 06:45:20.696156+00:00 [info] <0.254.0> Running boot step tracking_metadata_store defined by app rabbit
2024-10-24 06:45:20.696196+00:00 [info] <0.409.0> Setting up a table for connection tracking on this node: tracked_connection
2024-10-24 06:45:20.696225+00:00 [info] <0.409.0> Setting up a table for per-vhost connection counting on this node: tracked_connection_per_vhost
2024-10-24 06:45:20.696293+00:00 [info] <0.409.0> Setting up a table for per-user connection counting on this node: tracked_connection_per_user
2024-10-24 06:45:20.696683+00:00 [info] <0.409.0> Setting up a table for channel tracking on this node: tracked_channel
2024-10-24 06:45:20.696712+00:00 [info] <0.409.0> Setting up a table for channel tracking on this node: tracked_channel_per_user
2024-10-24 06:45:20.696746+00:00 [info] <0.254.0> Running boot step networking_metadata_store defined by app rabbit
2024-10-24 06:45:20.696774+00:00 [info] <0.254.0> Running boot step feature_flags defined by app rabbit
2024-10-24 06:45:20.696885+00:00 [info] <0.254.0> Running boot step codec_correctness_check defined by app rabbit
2024-10-24 06:45:20.696899+00:00 [info] <0.254.0> Running boot step external_infrastructure defined by app rabbit
2024-10-24 06:45:20.696955+00:00 [info] <0.254.0> Running boot step rabbit_event defined by app rabbit
2024-10-24 06:45:20.697213+00:00 [info] <0.254.0> Running boot step rabbit_delayed_message defined by app rabbitmq_delayed_message_exchange
2024-10-24 06:45:20.697396+00:00 [info] <0.254.0> Waiting for Mnesia tables for 30000 ms, 0 retries left
2024-10-24 06:45:20.697441+00:00 [info] <0.254.0> Successfully synced tables from a peer
2024-10-24 06:45:20.697452+00:00 [info] <0.254.0> Running boot step rabbit_registry defined by app rabbit
2024-10-24 06:45:20.697517+00:00 [info] <0.254.0> Running boot step rabbit_auth_mechanism_amqplain defined by app rabbit
2024-10-24 06:45:20.697562+00:00 [info] <0.254.0> Running boot step rabbit_auth_mechanism_anonymous defined by app rabbit
2024-10-24 06:45:20.697595+00:00 [info] <0.254.0> Running boot step rabbit_auth_mechanism_cr_demo defined by app rabbit
2024-10-24 06:45:20.697662+00:00 [info] <0.254.0> Running boot step rabbit_auth_mechanism_plain defined by app rabbit
2024-10-24 06:45:20.697690+00:00 [info] <0.254.0> Running boot step rabbit_exchange_type_direct defined by app rabbit
2024-10-24 06:45:20.697734+00:00 [info] <0.254.0> Running boot step rabbit_exchange_type_fanout defined by app rabbit
2024-10-24 06:45:20.697760+00:00 [info] <0.254.0> Running boot step rabbit_exchange_type_headers defined by app rabbit
2024-10-24 06:45:20.697805+00:00 [info] <0.254.0> Running boot step rabbit_exchange_type_local_random defined by app rabbit
2024-10-24 06:45:20.697833+00:00 [info] <0.254.0> Running boot step rabbit_exchange_type_topic defined by app rabbit
2024-10-24 06:45:20.697970+00:00 [info] <0.254.0> Running boot step rabbit_priority_queue defined by app rabbit
2024-10-24 06:45:20.698001+00:00 [info] <0.254.0> Priority queues enabled, real BQ is rabbit_variable_queue
2024-10-24 06:45:20.698093+00:00 [info] <0.254.0> Running boot step kernel_ready defined by app rabbit
2024-10-24 06:45:20.698113+00:00 [info] <0.254.0> Running boot step pg_local_amqp_connection defined by app rabbit
2024-10-24 06:45:20.704165+00:00 [info] <0.254.0> Running boot step pg_local_amqp_session defined by app rabbit
2024-10-24 06:45:20.704664+00:00 [info] <0.254.0> Running boot step rabbit_sysmon_minder defined by app rabbit
2024-10-24 06:45:20.704880+00:00 [info] <0.254.0> Running boot step rabbit_epmd_monitor defined by app rabbit
2024-10-24 06:45:20.709769+00:00 [info] <0.422.0> epmd monitor knows us, inter-node communication (distribution) port: 25672
2024-10-24 06:45:20.710144+00:00 [info] <0.254.0> Running boot step guid_generator defined by app rabbit
2024-10-24 06:45:20.719750+00:00 [info] <0.254.0> Running boot step rabbit_node_monitor defined by app rabbit
2024-10-24 06:45:20.720154+00:00 [info] <0.426.0> Starting rabbit_node_monitor (in ignore mode)
2024-10-24 06:45:20.720323+00:00 [info] <0.254.0> Running boot step delegate_sup defined by app rabbit
2024-10-24 06:45:20.720859+00:00 [info] <0.254.0> Running boot step rabbit_fifo_dlx_sup defined by app rabbit
2024-10-24 06:45:20.720958+00:00 [info] <0.254.0> Running boot step core_initialized defined by app rabbit
2024-10-24 06:45:20.722075+00:00 [info] <0.254.0> Running boot step rabbit_channel_tracking_handler defined by app rabbit
2024-10-24 06:45:20.722567+00:00 [info] <0.254.0> Running boot step rabbit_classic_queue defined by app rabbit
2024-10-24 06:45:20.722768+00:00 [info] <0.254.0> Running boot step rabbit_connection_tracking_handler defined by app rabbit
2024-10-24 06:45:20.722822+00:00 [info] <0.254.0> Running boot step rabbit_definitions_hashing defined by app rabbit
2024-10-24 06:45:20.722894+00:00 [info] <0.254.0> Running boot step rabbit_exchange_parameters defined by app rabbit
2024-10-24 06:45:20.735899+00:00 [info] <0.254.0> Running boot step rabbit_policies defined by app rabbit
2024-10-24 06:45:20.736197+00:00 [info] <0.254.0> Running boot step rabbit_policy defined by app rabbit
2024-10-24 06:45:20.736238+00:00 [info] <0.254.0> Running boot step rabbit_quorum_memory_manager defined by app rabbit
2024-10-24 06:45:20.736510+00:00 [info] <0.254.0> Running boot step rabbit_quorum_queue defined by app rabbit
2024-10-24 06:45:20.736886+00:00 [info] <0.254.0> Running boot step rabbit_stream_coordinator defined by app rabbit
2024-10-24 06:45:20.737036+00:00 [info] <0.254.0> Running boot step rabbit_vhost_limit defined by app rabbit
2024-10-24 06:45:20.737134+00:00 [info] <0.254.0> Running boot step rabbit_delayed_message_supervisor defined by app rabbitmq_delayed_message_exchange
2024-10-24 06:45:20.737621+00:00 [info] <0.254.0> Running boot step rabbit_exchange_type_delayed_message defined by app rabbitmq_delayed_message_exchange
2024-10-24 06:45:20.737875+00:00 [info] <0.254.0> Running boot step recovery defined by app rabbit
2024-10-24 06:45:20.756809+00:00 [info] <0.456.0> Making sure data directory '/var/lib/rabbitmq/mnesia/rabbit@b75a0d671979/msg_stores/vhosts/628WB79CIFDYO9LJI6DKMI09L' for vhost '/' exists
2024-10-24 06:45:20.769237+00:00 [info] <0.456.0> Starting message stores for vhost '/'
2024-10-24 06:45:20.792098+00:00 [info] <0.456.0> Started message store of type transient for vhost '/'
2024-10-24 06:45:20.803059+00:00 [info] <0.456.0> Started message store of type persistent for vhost '/'
2024-10-24 06:45:20.803412+00:00 [info] <0.456.0> Recovering 0 queues of type rabbit_classic_queue took 44ms
2024-10-24 06:45:20.803486+00:00 [info] <0.456.0> Recovering 0 queues of type rabbit_quorum_queue took 0ms
2024-10-24 06:45:20.803538+00:00 [info] <0.456.0> Recovering 0 queues of type rabbit_stream_queue took 0ms
2024-10-24 06:45:20.807686+00:00 [info] <0.254.0> Running boot step empty_db_check defined by app rabbit
2024-10-24 06:45:20.807881+00:00 [info] <0.254.0> Will not seed default virtual host and user: have definitions to load...
2024-10-24 06:45:20.807997+00:00 [info] <0.254.0> Running boot step rabbit_observer_cli defined by app rabbit
2024-10-24 06:45:20.808037+00:00 [info] <0.254.0> Running boot step rabbit_core_metrics_gc defined by app rabbit
2024-10-24 06:45:20.808107+00:00 [info] <0.254.0> Running boot step background_gc defined by app rabbit
2024-10-24 06:45:20.808157+00:00 [info] <0.254.0> Running boot step routing_ready defined by app rabbit
2024-10-24 06:45:20.808169+00:00 [info] <0.254.0> Running boot step pre_flight defined by app rabbit
2024-10-24 06:45:20.808185+00:00 [info] <0.254.0> Running boot step notify_cluster defined by app rabbit
2024-10-24 06:45:20.808198+00:00 [info] <0.254.0> Running boot step networking defined by app rabbit
2024-10-24 06:45:20.808258+00:00 [info] <0.254.0> Running boot step rabbit_quorum_queue_periodic_membership_reconciliation defined by app rabbit
2024-10-24 06:45:20.808301+00:00 [info] <0.254.0> Running boot step definition_import_worker_pool defined by app rabbit
2024-10-24 06:45:20.808330+00:00 [info] <0.331.0> Starting worker pool 'definition_import_pool' with 8 processes in it
2024-10-24 06:45:20.808484+00:00 [info] <0.254.0> Running boot step cluster_name defined by app rabbit
2024-10-24 06:45:20.808506+00:00 [info] <0.254.0> Running boot step virtual_host_reconciliation defined by app rabbit
2024-10-24 06:45:20.808568+00:00 [info] <0.254.0> Running boot step direct_client defined by app rabbit
2024-10-24 06:45:20.808605+00:00 [info] <0.511.0> Resetting node maintenance status
2024-10-24 06:45:20.813440+00:00 [info] <0.511.0> Ready to start client connection listeners
2024-10-24 06:45:20.853557+00:00 [info] <0.533.0> started TCP listener on [::]:5672
2024-10-24 06:45:20.907429+00:00 [info] <0.511.0> Server startup complete; 1 plugins started.
2024-10-24 06:45:20.907429+00:00 [info] <0.511.0>  * rabbitmq_delayed_message_exchange
2024-10-24 06:45:21.008896+00:00 [info] <0.9.0> Time to start RabbitMQ: 3374 ms
2024-10-24 06:54:02.348836+00:00 [notice] <0.64.0> SIGTERM received - shutting down
2024-10-24 06:54:02.348836+00:00 [notice] <0.64.0> 
2024-10-24 06:54:02.354351+00:00 [info] <0.533.0> stopped TCP listener on [::]:5672
2024-10-24 06:54:02.357608+00:00 [info] <0.456.0> Virtual host '/' is stopping
2024-10-24 06:54:02.357875+00:00 [info] <0.567.0> Closing all connections in vhost '/' on node 'rabbit@b75a0d671979' because the vhost is stopping
2024-10-24 06:54:02.357921+00:00 [info] <0.470.0> Stopping message store for directory '/var/lib/rabbitmq/mnesia/rabbit@b75a0d671979/msg_stores/vhosts/628WB79CIFDYO9LJI6DKMI09L/msg_store_persistent'
2024-10-24 06:54:02.361147+00:00 [info] <0.470.0> Message store for directory '/var/lib/rabbitmq/mnesia/rabbit@b75a0d671979/msg_stores/vhosts/628WB79CIFDYO9LJI6DKMI09L/msg_store_persistent' is stopped
2024-10-24 06:54:02.361252+00:00 [info] <0.466.0> Stopping message store for directory '/var/lib/rabbitmq/mnesia/rabbit@b75a0d671979/msg_stores/vhosts/628WB79CIFDYO9LJI6DKMI09L/msg_store_transient'
2024-10-24 06:54:02.364556+00:00 [info] <0.466.0> Message store for directory '/var/lib/rabbitmq/mnesia/rabbit@b75a0d671979/msg_stores/vhosts/628WB79CIFDYO9LJI6DKMI09L/msg_store_transient' is stopped
2024-10-24 06:54:02.479958+00:00 [notice] <0.86.0>     alarm_handler: {clear,{disk_almost_full,"/etc/rabbitmq"}}
